# JRE version: OpenJDK Runtime Environment 18.9 (11.0.11+9) (build 11.0.11+9)
# Java VM: OpenJDK 64-Bit Server VM 18.9 (11.0.11+9, mixed mode, tiered, compressed oops, g1 gc, windows-amd64)
Heap:
 garbage-first heap   total 262144K, used 97130K [0x0000000740000000, 0x0000000800000000)
  region size 1024K, 16 young (16384K), 2 survivors (2048K)
 Metaspace       used 104976K, capacity 107894K, committed 107996K, reserved 1142784K
  class space    used 13448K, capacity 14741K, committed 14816K, reserved 1048576K
GC Heap History (20 events):
Event: 1526.051 GC heap before
{Heap before GC invocations=264 (full 183):
 garbage-first heap   total 262144K, used 89299K [0x0000000740000000, 0x0000000800000000)
  region size 1024K, 7 young (7168K), 0 survivors (0K)
 Metaspace       used 104830K, capacity 107725K, committed 107996K, reserved 1142784K
  class space    used 13421K, capacity 14707K, committed 14816K, reserved 1048576K
}
Event: 1526.102 GC heap after
{Heap after GC invocations=265 (full 184):
 garbage-first heap   total 262144K, used 83406K [0x0000000740000000, 0x0000000800000000)
  region size 1024K, 0 young (0K), 0 survivors (0K)
 Metaspace       used 104830K, capacity 107725K, committed 107996K, reserved 1142784K
  class space    used 13421K, capacity 14707K, committed 14816K, reserved 1048576K
}
Event: 1527.825 GC heap before
{Heap before GC invocations=265 (full 184):
 garbage-first heap   total 262144K, used 98766K [0x0000000740000000, 0x0000000800000000)
  region size 1024K, 16 young (16384K), 0 survivors (0K)
 Metaspace       used 104831K, capacity 107725K, committed 107996K, reserved 1142784K
  class space    used 13421K, capacity 14707K, committed 14816K, reserved 1048576K
}
Event: 1527.880 GC heap after
{Heap after GC invocations=266 (full 185):
 garbage-first heap   total 262144K, used 83624K [0x0000000740000000, 0x0000000800000000)
  region size 1024K, 0 young (0K), 0 survivors (0K)
 Metaspace       used 104831K, capacity 107725K, committed 107996K, reserved 1142784K
  class space    used 13421K, capacity 14707K, committed 14816K, reserved 1048576K
}
Event: 1536.168 GC heap before
{Heap before GC invocations=266 (full 185):
 garbage-first heap   total 262144K, used 137896K [0x0000000740000000, 0x0000000800000000)
  region size 1024K, 50 young (51200K), 0 survivors (0K)
 Metaspace       used 104846K, capacity 107731K, committed 107996K, reserved 1142784K
  class space    used 13423K, capacity 14709K, committed 14816K, reserved 1048576K
}
Event: 1536.173 GC heap after
{Heap after GC invocations=267 (full 185):
 garbage-first heap   total 262144K, used 88948K [0x0000000740000000, 0x0000000800000000)
  region size 1024K, 2 young (2048K), 2 survivors (2048K)
 Metaspace       used 104846K, capacity 107731K, committed 107996K, reserved 1142784K
  class space    used 13423K, capacity 14709K, committed 14816K, reserved 1048576K
}
Event: 1538.990 GC heap before
{Heap before GC invocations=267 (full 185):
 garbage-first heap   total 262144K, used 136052K [0x0000000740000000, 0x0000000800000000)
  region size 1024K, 41 young (41984K), 2 survivors (2048K)
 Metaspace       used 104949K, capacity 107827K, committed 107996K, reserved 1142784K
  class space    used 13448K, capacity 14741K, committed 14816K, reserved 1048576K
}
Event: 1538.994 GC heap after
{Heap after GC invocations=268 (full 185):
 garbage-first heap   total 262144K, used 97106K [0x0000000740000000, 0x0000000800000000)
  region size 1024K, 2 young (2048K), 2 survivors (2048K)
 Metaspace       used 104949K, capacity 107827K, committed 107996K, reserved 1142784K
  class space    used 13448K, capacity 14741K, committed 14816K, reserved 1048576K
}
Event: 1539.641 GC heap before
{Heap before GC invocations=268 (full 185):
 garbage-first heap   total 262144K, used 113490K [0x0000000740000000, 0x0000000800000000)
  region size 1024K, 16 young (16384K), 2 survivors (2048K)
 Metaspace       used 104950K, capacity 107827K, committed 107996K, reserved 1142784K
  class space    used 13448K, capacity 14741K, committed 14816K, reserved 1048576K
}
Event: 1539.643 GC heap after
{Heap after GC invocations=269 (full 185):
 garbage-first heap   total 262144K, used 91908K [0x0000000740000000, 0x0000000800000000)
  region size 1024K, 2 young (2048K), 2 survivors (2048K)
 Metaspace       used 104950K, capacity 107827K, committed 107996K, reserved 1142784K
  class space    used 13448K, capacity 14741K, committed 14816K, reserved 1048576K
}
Event: 1549.748 GC heap before
{Heap before GC invocations=269 (full 185):
 garbage-first heap   total 262144K, used 154372K [0x0000000740000000, 0x0000000800000000)
  region size 1024K, 60 young (61440K), 2 survivors (2048K)
 Metaspace       used 104964K, capacity 107827K, committed 107996K, reserved 1142784K
  class space    used 13448K, capacity 14741K, committed 14816K, reserved 1048576K
}
Event: 1549.754 GC heap after
{Heap after GC invocations=270 (full 185):
 garbage-first heap   total 262144K, used 91099K [0x0000000740000000, 0x0000000800000000)
  region size 1024K, 2 young (2048K), 2 survivors (2048K)
 Metaspace       used 104964K, capacity 107827K, committed 107996K, reserved 1142784K
  class space    used 13448K, capacity 14741K, committed 14816K, reserved 1048576K
}
Event: 1555.454 GC heap before
{Heap before GC invocations=270 (full 185):
 garbage-first heap   total 262144K, used 150491K [0x0000000740000000, 0x0000000800000000)
  region size 1024K, 60 young (61440K), 2 survivors (2048K)
 Metaspace       used 104968K, capacity 107830K, committed 107996K, reserved 1142784K
  class space    used 13448K, capacity 14741K, committed 14816K, reserved 1048576K
}
Event: 1555.459 GC heap after
{Heap after GC invocations=271 (full 185):
 garbage-first heap   total 262144K, used 87963K [0x0000000740000000, 0x0000000800000000)
  region size 1024K, 2 young (2048K), 2 survivors (2048K)
 Metaspace       used 104968K, capacity 107830K, committed 107996K, reserved 1142784K
  class space    used 13448K, capacity 14741K, committed 14816K, reserved 1048576K
}
Event: 1559.611 GC heap before
{Heap before GC invocations=271 (full 185):
 garbage-first heap   total 262144K, used 147355K [0x0000000740000000, 0x0000000800000000)
  region size 1024K, 60 young (61440K), 2 survivors (2048K)
 Metaspace       used 104968K, capacity 107830K, committed 107996K, reserved 1142784K
  class space    used 13448K, capacity 14741K, committed 14816K, reserved 1048576K
}
Event: 1559.614 GC heap after
{Heap after GC invocations=272 (full 185):
 garbage-first heap   total 262144K, used 87997K [0x0000000740000000, 0x0000000800000000)
  region size 1024K, 2 young (2048K), 2 survivors (2048K)
 Metaspace       used 104968K, capacity 107830K, committed 107996K, reserved 1142784K
  class space    used 13448K, capacity 14741K, committed 14816K, reserved 1048576K
}
Event: 1561.245 GC heap before
{Heap before GC invocations=272 (full 185):
 garbage-first heap   total 262144K, used 104381K [0x0000000740000000, 0x0000000800000000)
  region size 1024K, 19 young (19456K), 2 survivors (2048K)
 Metaspace       used 104968K, capacity 107830K, committed 107996K, reserved 1142784K
  class space    used 13448K, capacity 14741K, committed 14816K, reserved 1048576K
}
Event: 1561.302 GC heap after
{Heap after GC invocations=273 (full 186):
 garbage-first heap   total 262144K, used 82723K [0x0000000740000000, 0x0000000800000000)
  region size 1024K, 0 young (0K), 0 survivors (0K)
 Metaspace       used 104968K, capacity 107830K, committed 107996K, reserved 1142784K
  class space    used 13448K, capacity 14741K, committed 14816K, reserved 1048576K
}
Event: 1564.938 GC heap before
{Heap before GC invocations=273 (full 186):
 garbage-first heap   total 262144K, used 144163K [0x0000000740000000, 0x0000000800000000)
  region size 1024K, 60 young (61440K), 0 survivors (0K)
 Metaspace       used 104976K, capacity 107894K, committed 107996K, reserved 1142784K
  class space    used 13448K, capacity 14741K, committed 14816K, reserved 1048576K
}
Event: 1564.942 GC heap after
{Heap after GC invocations=274 (full 186):
 garbage-first heap   total 262144K, used 83818K [0x0000000740000000, 0x0000000800000000)
  region size 1024K, 2 young (2048K), 2 survivors (2048K)
 Metaspace       used 104976K, capacity 107894K, committed 107996K, reserved 1142784K
  class space    used 13448K, capacity 14741K, committed 14816K, reserved 1048576K
}

