# JRE version: OpenJDK Runtime Environment 18.9 (11.0.11+9) (build 11.0.11+9)
# Java VM: OpenJDK 64-Bit Server VM 18.9 (11.0.11+9, mixed mode, tiered, compressed oops, g1 gc, windows-amd64)
Heap:
 garbage-first heap   total 262144K, used 105221K [0x0000000740000000, 0x0000000800000000)
  region size 1024K, 29 young (29696K), 2 survivors (2048K)
 Metaspace       used 105052K, capacity 106603K, committed 110172K, reserved 1144832K
  class space    used 12877K, capacity 13536K, committed 14804K, reserved 1048576K
GC Heap History (20 events):
Event: 6672.593 GC heap before
{Heap before GC invocations=1092 (full 882):
 garbage-first heap   total 262144K, used 137455K [0x0000000740000000, 0x0000000800000000)
  region size 1024K, 60 young (61440K), 5 survivors (5120K)
 Metaspace       used 105134K, capacity 106811K, committed 110172K, reserved 1144832K
  class space    used 12917K, capacity 13612K, committed 14804K, reserved 1048576K
}
Event: 6672.600 GC heap after
{Heap after GC invocations=1093 (full 882):
 garbage-first heap   total 262144K, used 83791K [0x0000000740000000, 0x0000000800000000)
  region size 1024K, 6 young (6144K), 6 survivors (6144K)
 Metaspace       used 105134K, capacity 106811K, committed 110172K, reserved 1144832K
  class space    used 12917K, capacity 13612K, committed 14804K, reserved 1048576K
}
Event: 6672.907 GC heap before
{Heap before GC invocations=1093 (full 882):
 garbage-first heap   total 262144K, used 122703K [0x0000000740000000, 0x0000000800000000)
  region size 1024K, 39 young (39936K), 6 survivors (6144K)
 Metaspace       used 105180K, capacity 106829K, committed 110172K, reserved 1144832K
  class space    used 12919K, capacity 13616K, committed 14804K, reserved 1048576K
}
Event: 6672.971 GC heap after
{Heap after GC invocations=1094 (full 883):
 garbage-first heap   total 262144K, used 78302K [0x0000000740000000, 0x0000000800000000)
  region size 1024K, 0 young (0K), 0 survivors (0K)
 Metaspace       used 105033K, capacity 106603K, committed 110172K, reserved 1144832K
  class space    used 12877K, capacity 13536K, committed 14804K, reserved 1048576K
}
Event: 6674.324 GC heap before
{Heap before GC invocations=1094 (full 883):
 garbage-first heap   total 262144K, used 141790K [0x0000000740000000, 0x0000000800000000)
  region size 1024K, 60 young (61440K), 0 survivors (0K)
 Metaspace       used 105038K, capacity 106603K, committed 110172K, reserved 1144832K
  class space    used 12877K, capacity 13536K, committed 14804K, reserved 1048576K
}
Event: 6674.327 GC heap after
{Heap after GC invocations=1095 (full 883):
 garbage-first heap   total 262144K, used 82523K [0x0000000740000000, 0x0000000800000000)
  region size 1024K, 3 young (3072K), 3 survivors (3072K)
 Metaspace       used 105038K, capacity 106603K, committed 110172K, reserved 1144832K
  class space    used 12877K, capacity 13536K, committed 14804K, reserved 1048576K
}
Event: 6676.921 GC heap before
{Heap before GC invocations=1095 (full 883):
 garbage-first heap   total 262144K, used 113243K [0x0000000740000000, 0x0000000800000000)
  region size 1024K, 34 young (34816K), 3 survivors (3072K)
 Metaspace       used 105038K, capacity 106603K, committed 110172K, reserved 1144832K
  class space    used 12877K, capacity 13536K, committed 14804K, reserved 1048576K
}
Event: 6676.979 GC heap after
{Heap after GC invocations=1096 (full 884):
 garbage-first heap   total 262144K, used 78240K [0x0000000740000000, 0x0000000800000000)
  region size 1024K, 0 young (0K), 0 survivors (0K)
 Metaspace       used 105038K, capacity 106603K, committed 110172K, reserved 1144832K
  class space    used 12877K, capacity 13536K, committed 14804K, reserved 1048576K
}
Event: 6679.012 GC heap before
{Heap before GC invocations=1096 (full 884):
 garbage-first heap   total 262144K, used 94624K [0x0000000740000000, 0x0000000800000000)
  region size 1024K, 17 young (17408K), 0 survivors (0K)
 Metaspace       used 105038K, capacity 106603K, committed 110172K, reserved 1144832K
  class space    used 12877K, capacity 13536K, committed 14804K, reserved 1048576K
}
Event: 6679.081 GC heap after
{Heap after GC invocations=1097 (full 885):
 garbage-first heap   total 262144K, used 77352K [0x0000000740000000, 0x0000000800000000)
  region size 1024K, 0 young (0K), 0 survivors (0K)
 Metaspace       used 105038K, capacity 106603K, committed 110172K, reserved 1144832K
  class space    used 12877K, capacity 13536K, committed 14804K, reserved 1048576K
}
Event: 6679.580 GC heap before
{Heap before GC invocations=1097 (full 885):
 garbage-first heap   total 262144K, used 80424K [0x0000000740000000, 0x0000000800000000)
  region size 1024K, 2 young (2048K), 0 survivors (0K)
 Metaspace       used 105038K, capacity 106603K, committed 110172K, reserved 1144832K
  class space    used 12877K, capacity 13536K, committed 14804K, reserved 1048576K
}
Event: 6679.642 GC heap after
{Heap after GC invocations=1098 (full 886):
 garbage-first heap   total 262144K, used 77268K [0x0000000740000000, 0x0000000800000000)
  region size 1024K, 0 young (0K), 0 survivors (0K)
 Metaspace       used 105038K, capacity 106603K, committed 110172K, reserved 1144832K
  class space    used 12877K, capacity 13536K, committed 14804K, reserved 1048576K
}
Event: 6681.237 GC heap before
{Heap before GC invocations=1098 (full 886):
 garbage-first heap   total 262144K, used 96724K [0x0000000740000000, 0x0000000800000000)
  region size 1024K, 18 young (18432K), 0 survivors (0K)
 Metaspace       used 105038K, capacity 106603K, committed 110172K, reserved 1144832K
  class space    used 12877K, capacity 13536K, committed 14804K, reserved 1048576K
}
Event: 6681.297 GC heap after
{Heap after GC invocations=1099 (full 887):
 garbage-first heap   total 262144K, used 77450K [0x0000000740000000, 0x0000000800000000)
  region size 1024K, 0 young (0K), 0 survivors (0K)
 Metaspace       used 105038K, capacity 106603K, committed 110172K, reserved 1144832K
  class space    used 12877K, capacity 13536K, committed 14804K, reserved 1048576K
}
Event: 6683.452 GC heap before
{Heap before GC invocations=1099 (full 887):
 garbage-first heap   total 262144K, used 104074K [0x0000000740000000, 0x0000000800000000)
  region size 1024K, 27 young (27648K), 0 survivors (0K)
 Metaspace       used 105038K, capacity 106603K, committed 110172K, reserved 1144832K
  class space    used 12877K, capacity 13536K, committed 14804K, reserved 1048576K
}
Event: 6683.516 GC heap after
{Heap after GC invocations=1100 (full 888):
 garbage-first heap   total 262144K, used 77521K [0x0000000740000000, 0x0000000800000000)
  region size 1024K, 0 young (0K), 0 survivors (0K)
 Metaspace       used 105038K, capacity 106603K, committed 110172K, reserved 1144832K
  class space    used 12877K, capacity 13536K, committed 14804K, reserved 1048576K
}
Event: 6686.111 GC heap before
{Heap before GC invocations=1100 (full 888):
 garbage-first heap   total 262144K, used 138961K [0x0000000740000000, 0x0000000800000000)
  region size 1024K, 60 young (61440K), 0 survivors (0K)
 Metaspace       used 105052K, capacity 106603K, committed 110172K, reserved 1144832K
  class space    used 12877K, capacity 13536K, committed 14804K, reserved 1048576K
}
Event: 6686.115 GC heap after
{Heap after GC invocations=1101 (full 888):
 garbage-first heap   total 262144K, used 78525K [0x0000000740000000, 0x0000000800000000)
  region size 1024K, 1 young (1024K), 1 survivors (1024K)
 Metaspace       used 105052K, capacity 106603K, committed 110172K, reserved 1144832K
  class space    used 12877K, capacity 13536K, committed 14804K, reserved 1048576K
}
Event: 6688.431 GC heap before
{Heap before GC invocations=1101 (full 888):
 garbage-first heap   total 262144K, used 138941K [0x0000000740000000, 0x0000000800000000)
  region size 1024K, 60 young (61440K), 1 survivors (1024K)
 Metaspace       used 105052K, capacity 106603K, committed 110172K, reserved 1144832K
  class space    used 12877K, capacity 13536K, committed 14804K, reserved 1048576K
}
Event: 6688.434 GC heap after
{Heap after GC invocations=1102 (full 888):
 garbage-first heap   total 262144K, used 78597K [0x0000000740000000, 0x0000000800000000)
  region size 1024K, 2 young (2048K), 2 survivors (2048K)
 Metaspace       used 105052K, capacity 106603K, committed 110172K, reserved 1144832K
  class space    used 12877K, capacity 13536K, committed 14804K, reserved 1048576K
}

