# JRE version: OpenJDK Runtime Environment 18.9 (11.0.11+9) (build 11.0.11+9)
# Java VM: OpenJDK 64-Bit Server VM 18.9 (11.0.11+9, mixed mode, tiered, compressed oops, g1 gc, windows-amd64)
Heap:
 garbage-first heap   total 262144K, used 124718K [0x0000000740000000, 0x0000000800000000)
  region size 1024K, 52 young (53248K), 2 survivors (2048K)
 Metaspace       used 105028K, capacity 106532K, committed 110556K, reserved 1144832K
  class space    used 12942K, capacity 13560K, committed 14928K, reserved 1048576K
GC Heap History (20 events):
Event: 18660.608 GC heap before
{Heap before GC invocations=574 (full 356):
 garbage-first heap   total 262144K, used 101539K [0x0000000740000000, 0x0000000800000000)
  region size 1024K, 28 young (28672K), 0 survivors (0K)
 Metaspace       used 105012K, capacity 106532K, committed 110556K, reserved 1144832K
  class space    used 12942K, capacity 13560K, committed 14928K, reserved 1048576K
}
Event: 18660.667 GC heap after
{Heap after GC invocations=575 (full 357):
 garbage-first heap   total 262144K, used 73659K [0x0000000740000000, 0x0000000800000000)
  region size 1024K, 0 young (0K), 0 survivors (0K)
 Metaspace       used 105012K, capacity 106532K, committed 110556K, reserved 1144832K
  class space    used 12942K, capacity 13560K, committed 14928K, reserved 1048576K
}
Event: 18662.221 GC heap before
{Heap before GC invocations=575 (full 357):
 garbage-first heap   total 262144K, used 78779K [0x0000000740000000, 0x0000000800000000)
  region size 1024K, 6 young (6144K), 0 survivors (0K)
 Metaspace       used 105012K, capacity 106532K, committed 110556K, reserved 1144832K
  class space    used 12942K, capacity 13560K, committed 14928K, reserved 1048576K
}
Event: 18662.278 GC heap after
{Heap after GC invocations=576 (full 358):
 garbage-first heap   total 262144K, used 73542K [0x0000000740000000, 0x0000000800000000)
  region size 1024K, 0 young (0K), 0 survivors (0K)
 Metaspace       used 105012K, capacity 106532K, committed 110556K, reserved 1144832K
  class space    used 12942K, capacity 13560K, committed 14928K, reserved 1048576K
}
Event: 18672.632 GC heap before
{Heap before GC invocations=576 (full 358):
 garbage-first heap   total 262144K, used 87878K [0x0000000740000000, 0x0000000800000000)
  region size 1024K, 9 young (9216K), 0 survivors (0K)
 Metaspace       used 105012K, capacity 106532K, committed 110556K, reserved 1144832K
  class space    used 12942K, capacity 13560K, committed 14928K, reserved 1048576K
}
Event: 18672.691 GC heap after
{Heap after GC invocations=577 (full 359):
 garbage-first heap   total 262144K, used 73575K [0x0000000740000000, 0x0000000800000000)
  region size 1024K, 0 young (0K), 0 survivors (0K)
 Metaspace       used 105012K, capacity 106532K, committed 110556K, reserved 1144832K
  class space    used 12942K, capacity 13560K, committed 14928K, reserved 1048576K
}
Event: 18676.301 GC heap before
{Heap before GC invocations=577 (full 359):
 garbage-first heap   total 262144K, used 79719K [0x0000000740000000, 0x0000000800000000)
  region size 1024K, 7 young (7168K), 0 survivors (0K)
 Metaspace       used 105012K, capacity 106532K, committed 110556K, reserved 1144832K
  class space    used 12942K, capacity 13560K, committed 14928K, reserved 1048576K
}
Event: 18676.363 GC heap after
{Heap after GC invocations=578 (full 360):
 garbage-first heap   total 262144K, used 73587K [0x0000000740000000, 0x0000000800000000)
  region size 1024K, 0 young (0K), 0 survivors (0K)
 Metaspace       used 105012K, capacity 106532K, committed 110556K, reserved 1144832K
  class space    used 12942K, capacity 13560K, committed 14928K, reserved 1048576K
}
Event: 18681.843 GC heap before
{Heap before GC invocations=578 (full 360):
 garbage-first heap   total 262144K, used 108403K [0x0000000740000000, 0x0000000800000000)
  region size 1024K, 29 young (29696K), 0 survivors (0K)
 Metaspace       used 105014K, capacity 106532K, committed 110556K, reserved 1144832K
  class space    used 12942K, capacity 13560K, committed 14928K, reserved 1048576K
}
Event: 18681.903 GC heap after
{Heap after GC invocations=579 (full 361):
 garbage-first heap   total 262144K, used 73855K [0x0000000740000000, 0x0000000800000000)
  region size 1024K, 0 young (0K), 0 survivors (0K)
 Metaspace       used 105014K, capacity 106532K, committed 110556K, reserved 1144832K
  class space    used 12942K, capacity 13560K, committed 14928K, reserved 1048576K
}
Event: 18683.461 GC heap before
{Heap before GC invocations=579 (full 361):
 garbage-first heap   total 262144K, used 83071K [0x0000000740000000, 0x0000000800000000)
  region size 1024K, 7 young (7168K), 0 survivors (0K)
 Metaspace       used 105014K, capacity 106532K, committed 110556K, reserved 1144832K
  class space    used 12942K, capacity 13560K, committed 14928K, reserved 1048576K
}
Event: 18683.531 GC heap after
{Heap after GC invocations=580 (full 362):
 garbage-first heap   total 262144K, used 73807K [0x0000000740000000, 0x0000000800000000)
  region size 1024K, 0 young (0K), 0 survivors (0K)
 Metaspace       used 105014K, capacity 106532K, committed 110556K, reserved 1144832K
  class space    used 12942K, capacity 13560K, committed 14928K, reserved 1048576K
}
Event: 18685.813 GC heap before
{Heap before GC invocations=580 (full 362):
 garbage-first heap   total 262144K, used 83023K [0x0000000740000000, 0x0000000800000000)
  region size 1024K, 7 young (7168K), 0 survivors (0K)
 Metaspace       used 105014K, capacity 106532K, committed 110556K, reserved 1144832K
  class space    used 12942K, capacity 13560K, committed 14928K, reserved 1048576K
}
Event: 18685.870 GC heap after
{Heap after GC invocations=581 (full 363):
 garbage-first heap   total 262144K, used 73721K [0x0000000740000000, 0x0000000800000000)
  region size 1024K, 0 young (0K), 0 survivors (0K)
 Metaspace       used 105014K, capacity 106532K, committed 110556K, reserved 1144832K
  class space    used 12942K, capacity 13560K, committed 14928K, reserved 1048576K
}
Event: 18689.471 GC heap before
{Heap before GC invocations=581 (full 363):
 garbage-first heap   total 262144K, used 84985K [0x0000000740000000, 0x0000000800000000)
  region size 1024K, 6 young (6144K), 0 survivors (0K)
 Metaspace       used 105014K, capacity 106532K, committed 110556K, reserved 1144832K
  class space    used 12942K, capacity 13560K, committed 14928K, reserved 1048576K
}
Event: 18689.530 GC heap after
{Heap after GC invocations=582 (full 364):
 garbage-first heap   total 262144K, used 73469K [0x0000000740000000, 0x0000000800000000)
  region size 1024K, 0 young (0K), 0 survivors (0K)
 Metaspace       used 105014K, capacity 106532K, committed 110556K, reserved 1144832K
  class space    used 12942K, capacity 13560K, committed 14928K, reserved 1048576K
}
Event: 18699.783 GC heap before
{Heap before GC invocations=582 (full 364):
 garbage-first heap   total 262144K, used 134909K [0x0000000740000000, 0x0000000800000000)
  region size 1024K, 60 young (61440K), 0 survivors (0K)
 Metaspace       used 105023K, capacity 106532K, committed 110556K, reserved 1144832K
  class space    used 12942K, capacity 13560K, committed 14928K, reserved 1048576K
}
Event: 18699.787 GC heap after
{Heap after GC invocations=583 (full 364):
 garbage-first heap   total 262144K, used 74312K [0x0000000740000000, 0x0000000800000000)
  region size 1024K, 1 young (1024K), 1 survivors (1024K)
 Metaspace       used 105023K, capacity 106532K, committed 110556K, reserved 1144832K
  class space    used 12942K, capacity 13560K, committed 14928K, reserved 1048576K
}
Event: 18703.502 GC heap before
{Heap before GC invocations=583 (full 364):
 garbage-first heap   total 262144K, used 134728K [0x0000000740000000, 0x0000000800000000)
  region size 1024K, 60 young (61440K), 1 survivors (1024K)
 Metaspace       used 105028K, capacity 106532K, committed 110556K, reserved 1144832K
  class space    used 12942K, capacity 13560K, committed 14928K, reserved 1048576K
}
Event: 18703.505 GC heap after
{Heap after GC invocations=584 (full 364):
 garbage-first heap   total 262144K, used 74542K [0x0000000740000000, 0x0000000800000000)
  region size 1024K, 2 young (2048K), 2 survivors (2048K)
 Metaspace       used 105028K, capacity 106532K, committed 110556K, reserved 1144832K
  class space    used 12942K, capacity 13560K, committed 14928K, reserved 1048576K
}

