# JRE version: OpenJDK Runtime Environment 18.9 (11.0.11+9) (build 11.0.11+9)
# Java VM: OpenJDK 64-Bit Server VM 18.9 (11.0.11+9, mixed mode, tiered, compressed oops, g1 gc, windows-amd64)
Heap:
 garbage-first heap   total 262144K, used 99983K [0x0000000740000000, 0x0000000800000000)
  region size 1024K, 21 young (21504K), 0 survivors (0K)
 Metaspace       used 101262K, capacity 103880K, committed 104064K, reserved 1138688K
  class space    used 13119K, capacity 14276K, committed 14284K, reserved 1048576K
GC Heap History (20 events):
Event: 407.069 GC heap before
{Heap before GC invocations=37 (full 6):
 garbage-first heap   total 262144K, used 140605K [0x0000000740000000, 0x0000000800000000)
  region size 1024K, 60 young (61440K), 0 survivors (0K)
 Metaspace       used 100174K, capacity 102745K, committed 103040K, reserved 1138688K
  class space    used 13063K, capacity 14199K, committed 14284K, reserved 1048576K
}
Event: 407.074 GC heap after
{Heap after GC invocations=38 (full 6):
 garbage-first heap   total 262144K, used 80325K [0x0000000740000000, 0x0000000800000000)
  region size 1024K, 2 young (2048K), 2 survivors (2048K)
 Metaspace       used 100174K, capacity 102745K, committed 103040K, reserved 1138688K
  class space    used 13063K, capacity 14199K, committed 14284K, reserved 1048576K
}
Event: 410.290 GC heap before
{Heap before GC invocations=38 (full 6):
 garbage-first heap   total 262144K, used 139717K [0x0000000740000000, 0x0000000800000000)
  region size 1024K, 60 young (61440K), 2 survivors (2048K)
 Metaspace       used 100308K, capacity 102876K, committed 103040K, reserved 1138688K
  class space    used 13064K, capacity 14200K, committed 14284K, reserved 1048576K
}
Event: 410.295 GC heap after
{Heap after GC invocations=39 (full 6):
 garbage-first heap   total 262144K, used 80364K [0x0000000740000000, 0x0000000800000000)
  region size 1024K, 2 young (2048K), 2 survivors (2048K)
 Metaspace       used 100308K, capacity 102876K, committed 103040K, reserved 1138688K
  class space    used 13064K, capacity 14200K, committed 14284K, reserved 1048576K
}
Event: 412.532 GC heap before
{Heap before GC invocations=39 (full 6):
 garbage-first heap   total 262144K, used 139756K [0x0000000740000000, 0x0000000800000000)
  region size 1024K, 60 young (61440K), 2 survivors (2048K)
 Metaspace       used 100724K, capacity 103309K, committed 103552K, reserved 1138688K
  class space    used 13101K, capacity 14238K, committed 14284K, reserved 1048576K
}
Event: 412.534 GC heap after
{Heap after GC invocations=40 (full 6):
 garbage-first heap   total 262144K, used 80563K [0x0000000740000000, 0x0000000800000000)
  region size 1024K, 2 young (2048K), 2 survivors (2048K)
 Metaspace       used 100724K, capacity 103309K, committed 103552K, reserved 1138688K
  class space    used 13101K, capacity 14238K, committed 14284K, reserved 1048576K
}
Event: 415.775 GC heap before
{Heap before GC invocations=40 (full 6):
 garbage-first heap   total 262144K, used 139955K [0x0000000740000000, 0x0000000800000000)
  region size 1024K, 60 young (61440K), 2 survivors (2048K)
 Metaspace       used 100797K, capacity 103373K, committed 103552K, reserved 1138688K
  class space    used 13101K, capacity 14238K, committed 14284K, reserved 1048576K
}
Event: 415.781 GC heap after
{Heap after GC invocations=41 (full 6):
 garbage-first heap   total 262144K, used 80663K [0x0000000740000000, 0x0000000800000000)
  region size 1024K, 2 young (2048K), 2 survivors (2048K)
 Metaspace       used 100797K, capacity 103373K, committed 103552K, reserved 1138688K
  class space    used 13101K, capacity 14238K, committed 14284K, reserved 1048576K
}
Event: 419.789 GC heap before
{Heap before GC invocations=41 (full 6):
 garbage-first heap   total 262144K, used 140055K [0x0000000740000000, 0x0000000800000000)
  region size 1024K, 60 young (61440K), 2 survivors (2048K)
 Metaspace       used 100861K, capacity 103381K, committed 103552K, reserved 1138688K
  class space    used 13101K, capacity 14238K, committed 14284K, reserved 1048576K
}
Event: 419.794 GC heap after
{Heap after GC invocations=42 (full 6):
 garbage-first heap   total 262144K, used 80811K [0x0000000740000000, 0x0000000800000000)
  region size 1024K, 2 young (2048K), 2 survivors (2048K)
 Metaspace       used 100861K, capacity 103381K, committed 103552K, reserved 1138688K
  class space    used 13101K, capacity 14238K, committed 14284K, reserved 1048576K
}
Event: 423.178 GC heap before
{Heap before GC invocations=42 (full 6):
 garbage-first heap   total 262144K, used 140203K [0x0000000740000000, 0x0000000800000000)
  region size 1024K, 60 young (61440K), 2 survivors (2048K)
 Metaspace       used 100936K, capacity 103545K, committed 103808K, reserved 1138688K
  class space    used 13104K, capacity 14270K, committed 14284K, reserved 1048576K
}
Event: 423.181 GC heap after
{Heap after GC invocations=43 (full 6):
 garbage-first heap   total 262144K, used 80847K [0x0000000740000000, 0x0000000800000000)
  region size 1024K, 2 young (2048K), 2 survivors (2048K)
 Metaspace       used 100936K, capacity 103545K, committed 103808K, reserved 1138688K
  class space    used 13104K, capacity 14270K, committed 14284K, reserved 1048576K
}
Event: 426.833 GC heap before
{Heap before GC invocations=43 (full 6):
 garbage-first heap   total 262144K, used 140239K [0x0000000740000000, 0x0000000800000000)
  region size 1024K, 60 young (61440K), 2 survivors (2048K)
 Metaspace       used 101019K, capacity 103620K, committed 103808K, reserved 1138688K
  class space    used 13106K, capacity 14275K, committed 14284K, reserved 1048576K
}
Event: 426.836 GC heap after
{Heap after GC invocations=44 (full 6):
 garbage-first heap   total 262144K, used 81143K [0x0000000740000000, 0x0000000800000000)
  region size 1024K, 2 young (2048K), 2 survivors (2048K)
 Metaspace       used 101019K, capacity 103620K, committed 103808K, reserved 1138688K
  class space    used 13106K, capacity 14275K, committed 14284K, reserved 1048576K
}
Event: 430.620 GC heap before
{Heap before GC invocations=44 (full 6):
 garbage-first heap   total 262144K, used 140535K [0x0000000740000000, 0x0000000800000000)
  region size 1024K, 60 young (61440K), 2 survivors (2048K)
 Metaspace       used 101105K, capacity 103748K, committed 103808K, reserved 1138688K
  class space    used 13106K, capacity 14275K, committed 14284K, reserved 1048576K
}
Event: 430.625 GC heap after
{Heap after GC invocations=45 (full 6):
 garbage-first heap   total 262144K, used 81213K [0x0000000740000000, 0x0000000800000000)
  region size 1024K, 2 young (2048K), 2 survivors (2048K)
 Metaspace       used 101105K, capacity 103748K, committed 103808K, reserved 1138688K
  class space    used 13106K, capacity 14275K, committed 14284K, reserved 1048576K
}
Event: 434.465 GC heap before
{Heap before GC invocations=45 (full 6):
 garbage-first heap   total 262144K, used 140605K [0x0000000740000000, 0x0000000800000000)
  region size 1024K, 60 young (61440K), 2 survivors (2048K)
 Metaspace       used 101163K, capacity 103813K, committed 104064K, reserved 1138688K
  class space    used 13106K, capacity 14275K, committed 14284K, reserved 1048576K
}
Event: 434.469 GC heap after
{Heap after GC invocations=46 (full 6):
 garbage-first heap   total 262144K, used 81213K [0x0000000740000000, 0x0000000800000000)
  region size 1024K, 2 young (2048K), 2 survivors (2048K)
 Metaspace       used 101163K, capacity 103813K, committed 104064K, reserved 1138688K
  class space    used 13106K, capacity 14275K, committed 14284K, reserved 1048576K
}
Event: 434.894 GC heap before
{Heap before GC invocations=46 (full 6):
 garbage-first heap   total 262144K, used 95549K [0x0000000740000000, 0x0000000800000000)
  region size 1024K, 17 young (17408K), 2 survivors (2048K)
 Metaspace       used 101180K, capacity 103813K, committed 104064K, reserved 1138688K
  class space    used 13106K, capacity 14275K, committed 14284K, reserved 1048576K
}
Event: 434.946 GC heap after
{Heap after GC invocations=47 (full 7):
 garbage-first heap   total 262144K, used 79503K [0x0000000740000000, 0x0000000800000000)
  region size 1024K, 0 young (0K), 0 survivors (0K)
 Metaspace       used 101180K, capacity 103813K, committed 104064K, reserved 1138688K
  class space    used 13106K, capacity 14275K, committed 14284K, reserved 1048576K
}

