# JRE version: OpenJDK Runtime Environment 18.9 (11.0.11+9) (build 11.0.11+9)
# Java VM: OpenJDK 64-Bit Server VM 18.9 (11.0.11+9, mixed mode, tiered, compressed oops, g1 gc, windows-amd64)
Heap:
 garbage-first heap   total 262144K, used 93259K [0x0000000740000000, 0x0000000800000000)
  region size 1024K, 20 young (20480K), 2 survivors (2048K)
 Metaspace       used 107003K, capacity 108792K, committed 109916K, reserved 1144832K
  class space    used 13424K, capacity 14152K, committed 14548K, reserved 1048576K
GC Heap History (20 events):
Event: 95003.091 GC heap before
{Heap before GC invocations=539 (full 145):
 garbage-first heap   total 262144K, used 86560K [0x0000000740000000, 0x0000000800000000)
  region size 1024K, 6 young (6144K), 0 survivors (0K)
 Metaspace       used 106851K, capacity 108650K, committed 109660K, reserved 1144832K
  class space    used 13418K, capacity 14146K, committed 14548K, reserved 1048576K
}
Event: 95003.145 GC heap after
{Heap after GC invocations=540 (full 146):
 garbage-first heap   total 262144K, used 72218K [0x0000000740000000, 0x0000000800000000)
  region size 1024K, 0 young (0K), 0 survivors (0K)
 Metaspace       used 106851K, capacity 108650K, committed 109660K, reserved 1144832K
  class space    used 13418K, capacity 14146K, committed 14548K, reserved 1048576K
}
Event: 95003.322 GC heap before
{Heap before GC invocations=540 (full 146):
 garbage-first heap   total 262144K, used 85530K [0x0000000740000000, 0x0000000800000000)
  region size 1024K, 5 young (5120K), 0 survivors (0K)
 Metaspace       used 106851K, capacity 108650K, committed 109660K, reserved 1144832K
  class space    used 13418K, capacity 14146K, committed 14548K, reserved 1048576K
}
Event: 95003.380 GC heap after
{Heap after GC invocations=541 (full 147):
 garbage-first heap   total 262144K, used 72209K [0x0000000740000000, 0x0000000800000000)
  region size 1024K, 0 young (0K), 0 survivors (0K)
 Metaspace       used 106851K, capacity 108650K, committed 109660K, reserved 1144832K
  class space    used 13418K, capacity 14146K, committed 14548K, reserved 1048576K
}
Event: 95003.561 GC heap before
{Heap before GC invocations=541 (full 147):
 garbage-first heap   total 262144K, used 79377K [0x0000000740000000, 0x0000000800000000)
  region size 1024K, 5 young (5120K), 0 survivors (0K)
 Metaspace       used 106851K, capacity 108650K, committed 109660K, reserved 1144832K
  class space    used 13418K, capacity 14146K, committed 14548K, reserved 1048576K
}
Event: 95003.620 GC heap after
{Heap after GC invocations=542 (full 148):
 garbage-first heap   total 262144K, used 72197K [0x0000000740000000, 0x0000000800000000)
  region size 1024K, 0 young (0K), 0 survivors (0K)
 Metaspace       used 106851K, capacity 108650K, committed 109660K, reserved 1144832K
  class space    used 13418K, capacity 14146K, committed 14548K, reserved 1048576K
}
Event: 95003.798 GC heap before
{Heap before GC invocations=542 (full 148):
 garbage-first heap   total 262144K, used 85509K [0x0000000740000000, 0x0000000800000000)
  region size 1024K, 5 young (5120K), 0 survivors (0K)
 Metaspace       used 106851K, capacity 108650K, committed 109660K, reserved 1144832K
  class space    used 13418K, capacity 14146K, committed 14548K, reserved 1048576K
}
Event: 95003.856 GC heap after
{Heap after GC invocations=543 (full 149):
 garbage-first heap   total 262144K, used 72189K [0x0000000740000000, 0x0000000800000000)
  region size 1024K, 0 young (0K), 0 survivors (0K)
 Metaspace       used 106851K, capacity 108650K, committed 109660K, reserved 1144832K
  class space    used 13418K, capacity 14146K, committed 14548K, reserved 1048576K
}
Event: 95004.035 GC heap before
{Heap before GC invocations=543 (full 149):
 garbage-first heap   total 262144K, used 85501K [0x0000000740000000, 0x0000000800000000)
  region size 1024K, 5 young (5120K), 0 survivors (0K)
 Metaspace       used 106851K, capacity 108650K, committed 109660K, reserved 1144832K
  class space    used 13418K, capacity 14146K, committed 14548K, reserved 1048576K
}
Event: 95004.092 GC heap after
{Heap after GC invocations=544 (full 150):
 garbage-first heap   total 262144K, used 72183K [0x0000000740000000, 0x0000000800000000)
  region size 1024K, 0 young (0K), 0 survivors (0K)
 Metaspace       used 106851K, capacity 108650K, committed 109660K, reserved 1144832K
  class space    used 13418K, capacity 14146K, committed 14548K, reserved 1048576K
}
Event: 95004.802 GC heap before
{Heap before GC invocations=544 (full 150):
 garbage-first heap   total 262144K, used 81399K [0x0000000740000000, 0x0000000800000000)
  region size 1024K, 4 young (4096K), 0 survivors (0K)
 Metaspace       used 106851K, capacity 108650K, committed 109660K, reserved 1144832K
  class space    used 13418K, capacity 14146K, committed 14548K, reserved 1048576K
}
Event: 95004.858 GC heap after
{Heap after GC invocations=545 (full 151):
 garbage-first heap   total 262144K, used 72106K [0x0000000740000000, 0x0000000800000000)
  region size 1024K, 0 young (0K), 0 survivors (0K)
 Metaspace       used 106851K, capacity 108650K, committed 109660K, reserved 1144832K
  class space    used 13418K, capacity 14146K, committed 14548K, reserved 1048576K
}
Event: 95009.527 GC heap before
{Heap before GC invocations=545 (full 151):
 garbage-first heap   total 262144K, used 108970K [0x0000000740000000, 0x0000000800000000)
  region size 1024K, 34 young (34816K), 0 survivors (0K)
 Metaspace       used 106859K, capacity 108650K, committed 109660K, reserved 1144832K
  class space    used 13418K, capacity 14146K, committed 14548K, reserved 1048576K
}
Event: 95009.585 GC heap after
{Heap after GC invocations=546 (full 152):
 garbage-first heap   total 262144K, used 72482K [0x0000000740000000, 0x0000000800000000)
  region size 1024K, 0 young (0K), 0 survivors (0K)
 Metaspace       used 106859K, capacity 108650K, committed 109660K, reserved 1144832K
  class space    used 13418K, capacity 14146K, committed 14548K, reserved 1048576K
}
Event: 95012.269 GC heap before
{Heap before GC invocations=546 (full 152):
 garbage-first heap   total 262144K, used 129826K [0x0000000740000000, 0x0000000800000000)
  region size 1024K, 52 young (53248K), 0 survivors (0K)
 Metaspace       used 106906K, capacity 108653K, committed 109660K, reserved 1144832K
  class space    used 13421K, capacity 14147K, committed 14548K, reserved 1048576K
}
Event: 95012.272 GC heap after
{Heap after GC invocations=547 (full 152):
 garbage-first heap   total 262144K, used 78913K [0x0000000740000000, 0x0000000800000000)
  region size 1024K, 2 young (2048K), 2 survivors (2048K)
 Metaspace       used 106906K, capacity 108653K, committed 109660K, reserved 1144832K
  class space    used 13421K, capacity 14147K, committed 14548K, reserved 1048576K
}
Event: 95015.700 GC heap before
{Heap before GC invocations=547 (full 152):
 garbage-first heap   total 262144K, used 138305K [0x0000000740000000, 0x0000000800000000)
  region size 1024K, 60 young (61440K), 2 survivors (2048K)
 Metaspace       used 106928K, capacity 108717K, committed 109660K, reserved 1144832K
  class space    used 13421K, capacity 14147K, committed 14548K, reserved 1048576K
}
Event: 95015.702 GC heap after
{Heap after GC invocations=548 (full 152):
 garbage-first heap   total 262144K, used 75686K [0x0000000740000000, 0x0000000800000000)
  region size 1024K, 2 young (2048K), 2 survivors (2048K)
 Metaspace       used 106928K, capacity 108717K, committed 109660K, reserved 1144832K
  class space    used 13421K, capacity 14147K, committed 14548K, reserved 1048576K
}
Event: 95020.033 GC heap before
{Heap before GC invocations=548 (full 152):
 garbage-first heap   total 262144K, used 135078K [0x0000000740000000, 0x0000000800000000)
  region size 1024K, 60 young (61440K), 2 survivors (2048K)
 Metaspace       used 106992K, capacity 108728K, committed 109660K, reserved 1144832K
  class space    used 13424K, capacity 14152K, committed 14548K, reserved 1048576K
}
Event: 95020.045 GC heap after
{Heap after GC invocations=549 (full 152):
 garbage-first heap   total 262144K, used 75851K [0x0000000740000000, 0x0000000800000000)
  region size 1024K, 2 young (2048K), 2 survivors (2048K)
 Metaspace       used 106992K, capacity 108728K, committed 109660K, reserved 1144832K
  class space    used 13424K, capacity 14152K, committed 14548K, reserved 1048576K
}

