# JRE version: OpenJDK Runtime Environment 18.9 (11.0.11+9) (build 11.0.11+9)
# Java VM: OpenJDK 64-Bit Server VM 18.9 (11.0.11+9, mixed mode, tiered, compressed oops, g1 gc, windows-amd64)
Heap:
 garbage-first heap   total 262144K, used 116461K [0x0000000740000000, 0x0000000800000000)
  region size 1024K, 31 young (31744K), 2 survivors (2048K)
 Metaspace       used 104589K, capacity 106051K, committed 110172K, reserved 1144832K
  class space    used 12773K, capacity 13370K, committed 14800K, reserved 1048576K
GC Heap History (20 events):
Event: 3998.476 GC heap before
{Heap before GC invocations=801 (full 643):
 garbage-first heap   total 262144K, used 115325K [0x0000000740000000, 0x0000000800000000)
  region size 1024K, 32 young (32768K), 8 survivors (8192K)
 Metaspace       used 104655K, capacity 106181K, committed 110172K, reserved 1144832K
  class space    used 12804K, capacity 13439K, committed 14800K, reserved 1048576K
}
Event: 3998.537 GC heap after
{Heap after GC invocations=802 (full 644):
 garbage-first heap   total 262144K, used 80641K [0x0000000740000000, 0x0000000800000000)
  region size 1024K, 0 young (0K), 0 survivors (0K)
 Metaspace       used 104529K, capacity 105987K, committed 110172K, reserved 1144832K
  class space    used 12769K, capacity 13370K, committed 14800K, reserved 1048576K
}
Event: 4003.282 GC heap before
{Heap before GC invocations=802 (full 644):
 garbage-first heap   total 262144K, used 146177K [0x0000000740000000, 0x0000000800000000)
  region size 1024K, 60 young (61440K), 0 survivors (0K)
 Metaspace       used 104583K, capacity 106051K, committed 110172K, reserved 1144832K
  class space    used 12773K, capacity 13370K, committed 14800K, reserved 1048576K
}
Event: 4003.284 GC heap after
{Heap after GC invocations=803 (full 644):
 garbage-first heap   total 262144K, used 86146K [0x0000000740000000, 0x0000000800000000)
  region size 1024K, 2 young (2048K), 2 survivors (2048K)
 Metaspace       used 104583K, capacity 106051K, committed 110172K, reserved 1144832K
  class space    used 12773K, capacity 13370K, committed 14800K, reserved 1048576K
}
Event: 4005.119 GC heap before
{Heap before GC invocations=803 (full 644):
 garbage-first heap   total 262144K, used 111746K [0x0000000740000000, 0x0000000800000000)
  region size 1024K, 26 young (26624K), 2 survivors (2048K)
 Metaspace       used 104583K, capacity 106051K, committed 110172K, reserved 1144832K
  class space    used 12773K, capacity 13370K, committed 14800K, reserved 1048576K
}
Event: 4005.174 GC heap after
{Heap after GC invocations=804 (full 645):
 garbage-first heap   total 262144K, used 80204K [0x0000000740000000, 0x0000000800000000)
  region size 1024K, 0 young (0K), 0 survivors (0K)
 Metaspace       used 104583K, capacity 106051K, committed 110172K, reserved 1144832K
  class space    used 12773K, capacity 13370K, committed 14800K, reserved 1048576K
}
Event: 4006.691 GC heap before
{Heap before GC invocations=804 (full 645):
 garbage-first heap   total 262144K, used 118092K [0x0000000740000000, 0x0000000800000000)
  region size 1024K, 34 young (34816K), 0 survivors (0K)
 Metaspace       used 104584K, capacity 106051K, committed 110172K, reserved 1144832K
  class space    used 12773K, capacity 13370K, committed 14800K, reserved 1048576K
}
Event: 4006.766 GC heap after
{Heap after GC invocations=805 (full 646):
 garbage-first heap   total 262144K, used 80404K [0x0000000740000000, 0x0000000800000000)
  region size 1024K, 0 young (0K), 0 survivors (0K)
 Metaspace       used 104584K, capacity 106051K, committed 110172K, reserved 1144832K
  class space    used 12773K, capacity 13370K, committed 14800K, reserved 1048576K
}
Event: 4007.547 GC heap before
{Heap before GC invocations=805 (full 646):
 garbage-first heap   total 262144K, used 89620K [0x0000000740000000, 0x0000000800000000)
  region size 1024K, 6 young (6144K), 0 survivors (0K)
 Metaspace       used 104584K, capacity 106051K, committed 110172K, reserved 1144832K
  class space    used 12773K, capacity 13370K, committed 14800K, reserved 1048576K
}
Event: 4007.603 GC heap after
{Heap after GC invocations=806 (full 647):
 garbage-first heap   total 262144K, used 79927K [0x0000000740000000, 0x0000000800000000)
  region size 1024K, 0 young (0K), 0 survivors (0K)
 Metaspace       used 104584K, capacity 106051K, committed 110172K, reserved 1144832K
  class space    used 12773K, capacity 13370K, committed 14800K, reserved 1048576K
}
Event: 4008.507 GC heap before
{Heap before GC invocations=806 (full 647):
 garbage-first heap   total 262144K, used 82999K [0x0000000740000000, 0x0000000800000000)
  region size 1024K, 4 young (4096K), 0 survivors (0K)
 Metaspace       used 104584K, capacity 106051K, committed 110172K, reserved 1144832K
  class space    used 12773K, capacity 13370K, committed 14800K, reserved 1048576K
}
Event: 4008.567 GC heap after
{Heap after GC invocations=807 (full 648):
 garbage-first heap   total 262144K, used 79912K [0x0000000740000000, 0x0000000800000000)
  region size 1024K, 0 young (0K), 0 survivors (0K)
 Metaspace       used 104584K, capacity 106051K, committed 110172K, reserved 1144832K
  class space    used 12773K, capacity 13370K, committed 14800K, reserved 1048576K
}
Event: 4009.415 GC heap before
{Heap before GC invocations=807 (full 648):
 garbage-first heap   total 262144K, used 82984K [0x0000000740000000, 0x0000000800000000)
  region size 1024K, 4 young (4096K), 0 survivors (0K)
 Metaspace       used 104584K, capacity 106051K, committed 110172K, reserved 1144832K
  class space    used 12773K, capacity 13370K, committed 14800K, reserved 1048576K
}
Event: 4009.479 GC heap after
{Heap after GC invocations=808 (full 649):
 garbage-first heap   total 262144K, used 79925K [0x0000000740000000, 0x0000000800000000)
  region size 1024K, 0 young (0K), 0 survivors (0K)
 Metaspace       used 104584K, capacity 106051K, committed 110172K, reserved 1144832K
  class space    used 12773K, capacity 13370K, committed 14800K, reserved 1048576K
}
Event: 4013.602 GC heap before
{Heap before GC invocations=808 (full 649):
 garbage-first heap   total 262144K, used 121909K [0x0000000740000000, 0x0000000800000000)
  region size 1024K, 42 young (43008K), 0 survivors (0K)
 Metaspace       used 104584K, capacity 106051K, committed 110172K, reserved 1144832K
  class space    used 12773K, capacity 13370K, committed 14800K, reserved 1048576K
}
Event: 4013.665 GC heap after
{Heap after GC invocations=809 (full 650):
 garbage-first heap   total 262144K, used 80501K [0x0000000740000000, 0x0000000800000000)
  region size 1024K, 0 young (0K), 0 survivors (0K)
 Metaspace       used 104584K, capacity 106051K, committed 110172K, reserved 1144832K
  class space    used 12773K, capacity 13370K, committed 14800K, reserved 1048576K
}
Event: 4017.914 GC heap before
{Heap before GC invocations=809 (full 650):
 garbage-first heap   total 262144K, used 115317K [0x0000000740000000, 0x0000000800000000)
  region size 1024K, 31 young (31744K), 0 survivors (0K)
 Metaspace       used 104588K, capacity 106051K, committed 110172K, reserved 1144832K
  class space    used 12773K, capacity 13370K, committed 14800K, reserved 1048576K
}
Event: 4017.918 GC heap after
{Heap after GC invocations=810 (full 650):
 garbage-first heap   total 262144K, used 85379K [0x0000000740000000, 0x0000000800000000)
  region size 1024K, 1 young (1024K), 1 survivors (1024K)
 Metaspace       used 104588K, capacity 106051K, committed 110172K, reserved 1144832K
  class space    used 12773K, capacity 13370K, committed 14800K, reserved 1048576K
}
Event: 4026.784 GC heap before
{Heap before GC invocations=810 (full 650):
 garbage-first heap   total 262144K, used 147843K [0x0000000740000000, 0x0000000800000000)
  region size 1024K, 60 young (61440K), 1 survivors (1024K)
 Metaspace       used 104588K, capacity 106051K, committed 110172K, reserved 1144832K
  class space    used 12773K, capacity 13370K, committed 14800K, reserved 1048576K
}
Event: 4026.789 GC heap after
{Heap after GC invocations=811 (full 650):
 garbage-first heap   total 262144K, used 85741K [0x0000000740000000, 0x0000000800000000)
  region size 1024K, 2 young (2048K), 2 survivors (2048K)
 Metaspace       used 104588K, capacity 106051K, committed 110172K, reserved 1144832K
  class space    used 12773K, capacity 13370K, committed 14800K, reserved 1048576K
}

